Release 14.7 - ngc2edif P.20131013 (nt64)
Copyright (c) 1995-2013 Xilinx, Inc.  All rights reserved.
Reading design Main.ngc ...
WARNING:NetListWriters:298 - No output is written to Main.xncf, ignored.
Processing design ...
   Preping design's networks ...
   Preping design's macros ...
  finished :Prep
Writing EDIF netlist file Main.edif ...
ngc2edif: Total memory usage is 86184 kilobytes

Release 14.7 - ngc2edif P.20131013 (nt64)
Copyright (c) 1995-2013 Xilinx, Inc.  All rights reserved.
Reading design Main.ngc ...
WARNING:NetListWriters:298 - No output is written to Main.xncf, ignored.
Processing design ...
   Preping design's networks ...
   Preping design's macros ...
  finished :Prep
Writing EDIF netlist file Main.edif ...
ngc2edif: Total memory usage is 86184 kilobytes

Release 14.7 - ngc2edif P.20131013 (nt64)
Copyright (c) 1995-2013 Xilinx, Inc.  All rights reserved.
Reading design Main.ngc ...
WARNING:NetListWriters:298 - No output is written to Main.xncf, ignored.
Processing design ...
   Preping design's networks ...
   Preping design's macros ...
  finished :Prep
Writing EDIF netlist file Main.edif ...
ngc2edif: Total memory usage is 86184 kilobytes

Release 14.7 - ngc2edif P.20131013 (nt64)
Copyright (c) 1995-2013 Xilinx, Inc.  All rights reserved.
Reading design Main.ngc ...
WARNING:NetListWriters:298 - No output is written to Main.xncf, ignored.
Processing design ...
   Preping design's networks ...
   Preping design's macros ...
WARNING:NetListWriters:306 - Signal bus DisplayState<10 : 0> on block Main is
   not reconstructed, because there are some missing bus signals.
  finished :Prep
Writing EDIF netlist file Main.edif ...
ngc2edif: Total memory usage is 90280 kilobytes

Release 14.7 - ngc2edif P.20131013 (nt64)
Copyright (c) 1995-2013 Xilinx, Inc.  All rights reserved.
Reading design DigitLights.ngc ...
WARNING:NetListWriters:298 - No output is written to DigitLights.xncf, ignored.
Processing design ...
   Preping design's networks ...
   Preping design's macros ...
  finished :Prep
Writing EDIF netlist file DigitLights.edif ...
ngc2edif: Total memory usage is 86184 kilobytes

